#
# There is insufficient memory for the Java Runtime Environment to continue.
# Native memory allocation (mmap) failed to map 100663296 bytes for G1 virtual space
# Possible reasons:
#   The system is out of physical RAM or swap space
#   The process is running with CompressedOops enabled, and the Java Heap may be blocking the growth of the native heap
# Possible solutions:
#   Reduce memory load on the system
#   Increase physical memory or swap space
#   Check if swap backing store is full
#   Decrease Java heap size (-Xmx/-Xms)
#   Decrease number of Java threads
#   Decrease Java thread stack sizes (-Xss)
#   Set larger code cache with -XX:ReservedCodeCacheSize=
#   JVM is running with Unscaled Compressed Oops mode in which the Java heap is
#     placed in the first 4GB address space. The Java Heap base address is the
#     maximum limit for the native heap growth. Please use -XX:HeapBaseMinAddress
#     to set the Java Heap base and to place the Java Heap above 4GB virtual address.
# This output file may be truncated or incomplete.
#
#  Out of Memory Error (os_windows.cpp:3548), pid=29604, tid=25060
#
# JRE version:  (17.0.5+8) (build )
# Java VM: OpenJDK 64-Bit Server VM (17.0.5+8, mixed mode, sharing, tiered, compressed oops, compressed class ptrs, g1 gc, windows-amd64)
# No core dump will be written. Minidumps are not enabled by default on client versions of Windows
#

---------------  S U M M A R Y ------------

Command Line: -Dfile.encoding=windows-1252 -XX:+ShowCodeDetailsInExceptionMessages com.ecommerce.app.ProductsJDBCApp

Host: AMD Ryzen 5 3550H with Radeon Vega Mobile Gfx  , 8 cores, 5G,  Windows 11 , 64 bit Build 22000 (10.0.22000.1335)
Time: Sun Jan 29 22:09:58 2023 India Standard Time elapsed time: 0.035467 seconds (0d 0h 0m 0s)

---------------  T H R E A D  ---------------

Current thread (0x000001b9e57bd600):  JavaThread "Unknown thread" [_thread_in_vm, id=25060, stack(0x0000000c7d600000,0x0000000c7d700000)]

Stack: [0x0000000c7d600000,0x0000000c7d700000]
Native frames: (J=compiled Java code, j=interpreted, Vv=VM code, C=native code)
V  [jvm.dll+0x676b3a]
V  [jvm.dll+0x831444]
V  [jvm.dll+0x832bee]
V  [jvm.dll+0x833253]
V  [jvm.dll+0x244ce5]
V  [jvm.dll+0x673a49]
V  [jvm.dll+0x66811a]
V  [jvm.dll+0x303ceb]
V  [jvm.dll+0x30b1e6]
V  [jvm.dll+0x35adbe]
V  [jvm.dll+0x35afef]
V  [jvm.dll+0x2dab88]
V  [jvm.dll+0x2dbaf4]
V  [jvm.dll+0x803121]
V  [jvm.dll+0x368bb1]
V  [jvm.dll+0x7e265c]
V  [jvm.dll+0x3eb17f]
V  [jvm.dll+0x3eccc1]
C  [jli.dll+0x5267]
C  [ucrtbase.dll+0x26c0c]
C  [KERNEL32.DLL+0x155a0]
C  [ntdll.dll+0x485b]


---------------  P R O C E S S  ---------------

Threads class SMR info:
_java_thread_list=0x00007ff8c49e2f18, length=0, elements={
}

Java Threads: ( => current thread )

Other Threads:
  0x000001b9e580a390 GCTaskThread "GC Thread#0" [stack: 0x0000000c7d700000,0x0000000c7d800000] [id=29476]
  0x000001b9e5818a20 ConcurrentGCThread "G1 Main Marker" [stack: 0x0000000c7d800000,0x0000000c7d900000] [id=28608]
  0x000001b9e581a2e0 ConcurrentGCThread "G1 Conc#0" [stack: 0x0000000c7d900000,0x0000000c7da00000] [id=23460]

[error occurred during error reporting (printing all threads), id 0xc0000005, EXCEPTION_ACCESS_VIOLATION (0xc0000005) at pc=0x00007ff8c41bb617]

VM state: not at safepoint (not fully initialized)

VM Mutex/Monitor currently owned by a thread:  ([mutex/lock_event])
[0x000001b9e57b8b60] Heap_lock - owner thread: 0x000001b9e57bd600

Heap address: 0x00000000a0e00000, size: 1522 MB, Compressed Oops mode: 32-bit

CDS archive(s) mapped at: [0x0000000000000000-0x0000000000000000-0x0000000000000000), size 0, SharedBaseAddress: 0x0000000800000000, ArchiveRelocationMode: 0.
Narrow klass base: 0x0000000000000000, Narrow klass shift: 0, Narrow klass range: 0x0

GC Precious Log:
<Empty>

Heap:
 garbage-first heap   total 0K, used 0K [0x00000000a0e00000, 0x0000000100000000)
  region size 1024K, 0 young (0K), 0 survivors (0K)

[error occurred during error reporting (printing heap information), id 0xc0000005, EXCEPTION_ACCESS_VIOLATION (0xc0000005) at pc=0x00007ff8c459fcb9]

GC Heap History (0 events):
No events

Dll operation events (1 events):
Event: 0.022 Loaded shared library C:\Users\FRAGRANCE\.p2\pool\plugins\org.eclipse.justj.openjdk.hotspot.jre.full.win32.x86_64_17.0.5.v20221102-0933\jre\bin\java.dll

Deoptimization events (0 events):
No events

Classes unloaded (0 events):
No events

Classes redefined (0 events):
No events

Internal exceptions (0 events):
No events

VM Operations (0 events):
No events

Events (0 events):
No events


Dynamic libraries:
0x00007ff761990000 - 0x00007ff76199e000 	C:\Users\FRAGRANCE\.p2\pool\plugins\org.eclipse.justj.openjdk.hotspot.jre.full.win32.x86_64_17.0.5.v20221102-0933\jre\bin\javaw.exe
0x00007ff90d500000 - 0x00007ff90d709000 	C:\WINDOWS\SYSTEM32\ntdll.dll
0x00007ff90b460000 - 0x00007ff90b51e000 	C:\WINDOWS\System32\KERNEL32.DLL
0x00007ff90ad40000 - 0x00007ff90b0bb000 	C:\WINDOWS\System32\KERNELBASE.dll
0x00007ff90b260000 - 0x00007ff90b371000 	C:\WINDOWS\System32\ucrtbase.dll
0x00007ff88eda0000 - 0x00007ff88edb7000 	C:\Users\FRAGRANCE\.p2\pool\plugins\org.eclipse.justj.openjdk.hotspot.jre.full.win32.x86_64_17.0.5.v20221102-0933\jre\bin\jli.dll
0x00007ff88ed80000 - 0x00007ff88ed99000 	C:\Users\FRAGRANCE\.p2\pool\plugins\org.eclipse.justj.openjdk.hotspot.jre.full.win32.x86_64_17.0.5.v20221102-0933\jre\bin\VCRUNTIME140.dll
0x00007ff90bdd0000 - 0x00007ff90bf7d000 	C:\WINDOWS\System32\USER32.dll
0x00007ff8f70d0000 - 0x00007ff8f7375000 	C:\WINDOWS\WinSxS\amd64_microsoft.windows.common-controls_6595b64144ccf1df_6.0.22000.120_none_9d947278b86cc467\COMCTL32.dll
0x00007ff90ad10000 - 0x00007ff90ad36000 	C:\WINDOWS\System32\win32u.dll
0x00007ff90d410000 - 0x00007ff90d4b3000 	C:\WINDOWS\System32\msvcrt.dll
0x00007ff90d1a0000 - 0x00007ff90d1c9000 	C:\WINDOWS\System32\GDI32.dll
0x00007ff90b140000 - 0x00007ff90b258000 	C:\WINDOWS\System32\gdi32full.dll
0x00007ff90ab40000 - 0x00007ff90abdd000 	C:\WINDOWS\System32\msvcp_win.dll
0x00007ff90cda0000 - 0x00007ff90cdd2000 	C:\WINDOWS\System32\IMM32.DLL
0x00007ff89e4c0000 - 0x00007ff89e4cc000 	C:\Users\FRAGRANCE\.p2\pool\plugins\org.eclipse.justj.openjdk.hotspot.jre.full.win32.x86_64_17.0.5.v20221102-0933\jre\bin\vcruntime140_1.dll
0x00007ff88ec20000 - 0x00007ff88ecb1000 	C:\Users\FRAGRANCE\.p2\pool\plugins\org.eclipse.justj.openjdk.hotspot.jre.full.win32.x86_64_17.0.5.v20221102-0933\jre\bin\msvcp140.dll
0x00007ff8c3ed0000 - 0x00007ff8c4b14000 	C:\Users\FRAGRANCE\.p2\pool\plugins\org.eclipse.justj.openjdk.hotspot.jre.full.win32.x86_64_17.0.5.v20221102-0933\jre\bin\server\jvm.dll
0x00007ff90ca30000 - 0x00007ff90cade000 	C:\WINDOWS\System32\ADVAPI32.dll
0x00007ff90ce70000 - 0x00007ff90cf0e000 	C:\WINDOWS\System32\sechost.dll
0x00007ff90cae0000 - 0x00007ff90cc00000 	C:\WINDOWS\System32\RPCRT4.dll
0x00007ff905c30000 - 0x00007ff905c63000 	C:\WINDOWS\SYSTEM32\WINMM.dll
0x00007ff904f20000 - 0x00007ff904f2a000 	C:\WINDOWS\SYSTEM32\VERSION.dll
0x00007ff9027e0000 - 0x00007ff9027e9000 	C:\WINDOWS\SYSTEM32\WSOCK32.dll
0x00007ff90cc00000 - 0x00007ff90cc6f000 	C:\WINDOWS\System32\WS2_32.dll
0x00007ff909a10000 - 0x00007ff909a28000 	C:\WINDOWS\SYSTEM32\kernel.appcore.dll
0x00007ff901ef0000 - 0x00007ff901efa000 	C:\Users\FRAGRANCE\.p2\pool\plugins\org.eclipse.justj.openjdk.hotspot.jre.full.win32.x86_64_17.0.5.v20221102-0933\jre\bin\jimage.dll
0x00007ff9090b0000 - 0x00007ff9092d1000 	C:\WINDOWS\SYSTEM32\DBGHELP.DLL
0x00007ff903a70000 - 0x00007ff903aa1000 	C:\WINDOWS\SYSTEM32\dbgcore.DLL
0x00007ff90b0c0000 - 0x00007ff90b13f000 	C:\WINDOWS\System32\bcryptPrimitives.dll
0x00007ff8c5b10000 - 0x00007ff8c5b35000 	C:\Users\FRAGRANCE\.p2\pool\plugins\org.eclipse.justj.openjdk.hotspot.jre.full.win32.x86_64_17.0.5.v20221102-0933\jre\bin\java.dll

dbghelp: loaded successfully - version: 4.0.5 - missing functions: none
symbol engine: initialized successfully - sym options: 0x614 - pdb path: .;C:\Users\FRAGRANCE\.p2\pool\plugins\org.eclipse.justj.openjdk.hotspot.jre.full.win32.x86_64_17.0.5.v20221102-0933\jre\bin;C:\WINDOWS\SYSTEM32;C:\WINDOWS\WinSxS\amd64_microsoft.windows.common-controls_6595b64144ccf1df_6.0.22000.120_none_9d947278b86cc467;C:\Users\FRAGRANCE\.p2\pool\plugins\org.eclipse.justj.openjdk.hotspot.jre.full.win32.x86_64_17.0.5.v20221102-0933\jre\bin\server

VM Arguments:
jvm_args: -Dfile.encoding=windows-1252 -XX:+ShowCodeDetailsInExceptionMessages 
java_command: com.ecommerce.app.ProductsJDBCApp
java_class_path (initial): C:\Users\FRAGRANCE\eclipse-workspace\Ecommerce-V1.0.2\bin;C:\Users\FRAGRANCE\Downloads\jar_files (1)\mysql-connector-java-8.0.30.jar
Launcher Type: SUN_STANDARD

[Global flags]
     intx CICompilerCount                          = 4                                         {product} {ergonomic}
     uint ConcGCThreads                            = 2                                         {product} {ergonomic}
     uint G1ConcRefinementThreads                  = 8                                         {product} {ergonomic}
   size_t G1HeapRegionSize                         = 1048576                                   {product} {ergonomic}
    uintx GCDrainStackTargetSize                   = 64                                        {product} {ergonomic}
   size_t InitialHeapSize                          = 100663296                                 {product} {ergonomic}
   size_t MarkStackSize                            = 4194304                                   {product} {ergonomic}
   size_t MaxHeapSize                              = 1595932672                                {product} {ergonomic}
   size_t MinHeapDeltaBytes                        = 1048576                                   {product} {ergonomic}
   size_t MinHeapSize                              = 8388608                                   {product} {ergonomic}
    uintx NonNMethodCodeHeapSize                   = 5839372                                {pd product} {ergonomic}
    uintx NonProfiledCodeHeapSize                  = 122909434                              {pd product} {ergonomic}
    uintx ProfiledCodeHeapSize                     = 122909434                              {pd product} {ergonomic}
    uintx ReservedCodeCacheSize                    = 251658240                              {pd product} {ergonomic}
     bool SegmentedCodeCache                       = true                                      {product} {ergonomic}
     bool ShowCodeDetailsInExceptionMessages       = true                                   {manageable} {command line}
   size_t SoftMaxHeapSize                          = 1595932672                             {manageable} {ergonomic}
     bool UseCompressedClassPointers               = true                           {product lp64_product} {ergonomic}
     bool UseCompressedOops                        = true                           {product lp64_product} {ergonomic}
     bool UseG1GC                                  = true                                      {product} {ergonomic}
     bool UseLargePagesIndividualAllocation        = false                                  {pd product} {ergonomic}

Logging:
Log output configuration:
 #0: stdout all=warning uptime,level,tags
 #1: stderr all=off uptime,level,tags

Environment Variables:
PATH=C:/Users/FRAGRANCE/.p2/pool/plugins/org.eclipse.justj.openjdk.hotspot.jre.full.win32.x86_64_17.0.5.v20221102-0933/jre/bin/server;C:/Users/FRAGRANCE/.p2/pool/plugins/org.eclipse.justj.openjdk.hotspot.jre.full.win32.x86_64_17.0.5.v20221102-0933/jre/bin;C:\Windows\system32;C:\Windows;C:\Windows\System32\Wbem;C:\Windows\System32\WindowsPowerShell\v1.0\;C:\Windows\System32\OpenSSH\;C:\Program Files (x86)\NVIDIA Corporation\PhysX\Common;C:\Program Files\NVIDIA Corporation\NVIDIA NvDLISR;C:\WINDOWS\system32;C:\WINDOWS;C:\WINDOWS\System32\Wbem;C:\WINDOWS\System32\WindowsPowerShell\v1.0\;C:\WINDOWS\System32\OpenSSH\;C:\Program Files\Microsoft SQL Server\130\Tools\Binn\;C:\Program Files\Git\cmd;C:\Program Files\nodejs\;C:\Program Files\MySQL\MySQL Server 8.0\bin;C:\Program Files\MySQL\MySQL Shell 8.0\bin\;C:\Users\FRAGRANCE\AppData\Local\Programs\Python\Python39\Scripts\;C:\Users\FRAGRANCE\AppData\Local\Programs\Python\Python39\;C:\Users\FRAGRANCE\AppData\Local\Microsoft\WindowsApps;C:\Users\FRAGRANCE\AppData\Local\atom\bin;C:\ProgramData\FRAGRANCE\GitHubDesktop\bin;C:\Users\FRAGRANCE\AppData\Local\GitHubDesktop\bin;C:\Users\FRAGRANCE\AppData\Local\Programs\Microsoft VS Code\bin;C:\Users\FRAGRANCE\AppData\Local\Microsoft\WindowsApps;C:\Users\FRAGRANCE\AppData\Roaming\npm;C:\Users\FRAGRANCE\Desktop;
USERNAME=FRAGRANCE
OS=Windows_NT
PROCESSOR_IDENTIFIER=AMD64 Family 23 Model 24 Stepping 1, AuthenticAMD
TMP=C:\Users\FRAGRA~1\AppData\Local\Temp
TEMP=C:\Users\FRAGRA~1\AppData\Local\Temp



---------------  S Y S T E M  ---------------

OS:
 Windows 11 , 64 bit Build 22000 (10.0.22000.1335)
OS uptime: 1 days 10:15 hours
Hyper-V role detected

CPU: total 8 (initial active 8) (8 cores per cpu, 2 threads per core) family 23 model 24 stepping 1 microcode 0x0, cx8, cmov, fxsr, ht, mmx, 3dnowpref, sse, sse2, sse3, ssse3, sse4a, sse4.1, sse4.2, popcnt, lzcnt, tsc, tscinvbit, avx, avx2, aes, clmul, bmi1, bmi2, adx, sha, fma, vzeroupper, clflush, clflushopt, hv

Memory: 4k page, system-wide physical 6082M (406M free)
TotalPageFile size 24514M (AvailPageFile size 56M)
current process WorkingSet (physical memory assigned to process): 10M, peak: 10M
current process commit charge ("private bytes"): 59M, peak: 155M

vm_info: OpenJDK 64-Bit Server VM (17.0.5+8) for windows-amd64 JRE (17.0.5+8), built on Oct 19 2022 04:48:13 by "temurin" with MS VC++ 16.7 (VS2019)

END.
